0 info it worked if it ends with ok
1 verbose cli [ '/usr/local/bin/node', '/usr/local/bin/npm', 'publish' ]
2 info using npm@3.10.10
3 info using node@v6.10.2
4 verbose publish [ '.' ]
5 silly cache add args [ '.', null ]
6 verbose cache add spec .
7 silly cache add parsed spec Result {
7 silly cache add   raw: '.',
7 silly cache add   scope: null,
7 silly cache add   escapedName: null,
7 silly cache add   name: null,
7 silly cache add   rawSpec: '.',
7 silly cache add   spec: '/Users/millions/Desktop/bootstrap-datetimesecond',
7 silly cache add   type: 'directory' }
8 verbose addLocalDirectory /Users/millions/.npm/bootstrap-datetimesecond/1.0.0/package.tgz not in flight; packing
9 verbose correctMkdir /Users/millions/.npm correctMkdir not in flight; initializing
10 info lifecycle bootstrap-datetimesecond@1.0.0~prepublish: bootstrap-datetimesecond@1.0.0
11 silly lifecycle bootstrap-datetimesecond@1.0.0~prepublish: no script for prepublish, continuing
12 verbose tar pack [ '/Users/millions/.npm/bootstrap-datetimesecond/1.0.0/package.tgz',
12 verbose tar pack   '/Users/millions/Desktop/bootstrap-datetimesecond' ]
13 verbose tarball /Users/millions/.npm/bootstrap-datetimesecond/1.0.0/package.tgz
14 verbose folder /Users/millions/Desktop/bootstrap-datetimesecond
15 verbose addLocalTarball adding from inside cache /Users/millions/.npm/bootstrap-datetimesecond/1.0.0/package.tgz
16 verbose correctMkdir /Users/millions/.npm correctMkdir not in flight; initializing
17 silly cache afterAdd bootstrap-datetimesecond@1.0.0
18 verbose afterAdd /Users/millions/.npm/bootstrap-datetimesecond/1.0.0/package/package.json not in flight; writing
19 verbose correctMkdir /Users/millions/.npm correctMkdir not in flight; initializing
20 verbose afterAdd /Users/millions/.npm/bootstrap-datetimesecond/1.0.0/package/package.json written
21 silly publish { _args: [ [ [Object], '/Users/millions/Desktop/millions/ui-base-v3' ] ],
21 silly publish   _from: '.',
21 silly publish   _id: 'bootstrap-datetimesecond@1.0.0',
21 silly publish   _inCache: true,
21 silly publish   _location: '/bootstrap-datetime-picker',
21 silly publish   _nodeVersion: '6.7.0',
21 silly publish   _npmOperationalInternal:
21 silly publish    { host: 'packages-12-west.internal.npmjs.com',
21 silly publish      tmp: 'tmp/bootstrap-datetime-picker-2.4.4.tgz_1488535258676_0.8355615343898535' },
21 silly publish   _npmUser: { name: 'auspex', email: 'auspex@auspex.eu' },
21 silly publish   _npmVersion: '3.10.3',
21 silly publish   _phantomChildren: {},
21 silly publish   _requested:
21 silly publish    { raw: 'bootstrap-datetime-picker@^2.3.9',
21 silly publish      scope: null,
21 silly publish      escapedName: 'bootstrap-datetime-picker',
21 silly publish      name: 'bootstrap-datetime-picker',
21 silly publish      rawSpec: '^2.3.9',
21 silly publish      spec: '>=2.3.9 <3.0.0',
21 silly publish      type: 'range' },
21 silly publish   _requiredBy: [ '/' ],
21 silly publish   _resolved: 'https://registry.npmjs.org/bootstrap-datetime-picker/-/bootstrap-datetime-picker-2.4.4.tgz',
21 silly publish   _shasum: '1e0bdcd2687dd9fd0944cada21fc66bb2a935a49',
21 silly publish   _shrinkwrap: null,
21 silly publish   _spec: 'bootstrap-datetime-picker@^2.3.9',
21 silly publish   _where: '/Users/millions/Desktop/millions/ui-base-v3',
21 silly publish   author: { name: 'millions' },
21 silly publish   bugs: { url: 'https://github.com/smalot/bootstrap-datetimepicker' },
21 silly publish   dependencies: {},
21 silly publish   description: 'Both Date and Time picker widget based on twitter bootstrap',
21 silly publish   devDependencies:
21 silly publish    { grunt: '^1.0.1',
21 silly publish      'grunt-contrib-jshint': '^1.0.0',
21 silly publish      'grunt-version-check': '^0.3.7',
21 silly publish      jshint: '^2.9.4',
21 silly publish      'load-grunt-tasks': '^3.4.1' },
21 silly publish   directories: {},
21 silly publish   dist:
21 silly publish    { shasum: 'b7cfe843a3c6d221c03293c9a464a4cc35d73968',
21 silly publish      tarball: 'https://registry.npmjs.org/bootstrap-datetime-picker/-/bootstrap-datetime-picker-2.4.4.tgz' },
21 silly publish   gitHead: '32143c8b45575e51c92a8e29997cbe556d1bbba3',
21 silly publish   homepage: 'http://www.malot.fr/bootstrap-datetimepicker/',
21 silly publish   keywords: [ 'bootstrap', 'datetime', 'second' ],
21 silly publish   license: 'ISC',
21 silly publish   main: './js/bootstrap-datetimepickers.js',
21 silly publish   name: 'bootstrap-datetimesecond',
21 silly publish   optionalDependencies: {},
21 silly publish   readme: 'ERROR: No README data found!',
21 silly publish   repository:
21 silly publish    { type: 'git',
21 silly publish      url: 'git+https://github.com/millionsstudy/select-second.git' },
21 silly publish   scripts: {},
21 silly publish   version: '1.0.0' }
22 verbose getPublishConfig undefined
23 silly mapToRegistry name bootstrap-datetimesecond
24 silly mapToRegistry using default registry
25 silly mapToRegistry registry https://registry.npmjs.org/
26 silly mapToRegistry data Result {
26 silly mapToRegistry   raw: 'bootstrap-datetimesecond',
26 silly mapToRegistry   scope: null,
26 silly mapToRegistry   escapedName: 'bootstrap-datetimesecond',
26 silly mapToRegistry   name: 'bootstrap-datetimesecond',
26 silly mapToRegistry   rawSpec: '',
26 silly mapToRegistry   spec: 'latest',
26 silly mapToRegistry   type: 'tag' }
27 silly mapToRegistry uri https://registry.npmjs.org/bootstrap-datetimesecond
28 verbose publish registryBase https://registry.npmjs.org/
29 silly publish uploading /Users/millions/.npm/bootstrap-datetimesecond/1.0.0/package.tgz
30 verbose request uri https://registry.npmjs.org/bootstrap-datetimesecond
31 verbose request sending authorization for write operation
32 info attempt registry request try #1 at 17:04:21
33 verbose request using bearer token for auth
34 verbose request id 1c8a4acaefebacc0
35 http request PUT https://registry.npmjs.org/bootstrap-datetimesecond
36 http 403 https://registry.npmjs.org/bootstrap-datetimesecond
37 verbose headers { 'content-type': 'application/json',
37 verbose headers   'cache-control': 'max-age=300',
37 verbose headers   'content-length': '95',
37 verbose headers   'accept-ranges': 'bytes',
37 verbose headers   date: 'Fri, 02 Jun 2017 09:09:05 GMT',
37 verbose headers   via: '1.1 varnish',
37 verbose headers   connection: 'keep-alive',
37 verbose headers   'x-served-by': 'cache-hkg6821-HKG',
37 verbose headers   'x-cache': 'MISS',
37 verbose headers   'x-cache-hits': '0',
37 verbose headers   'x-timer': 'S1496394404.144419,VS0,VE141084',
37 verbose headers   vary: 'Accept-Encoding' }
38 verbose request invalidating /Users/millions/.npm/registry.npmjs.org/bootstrap-datetimesecond on PUT
39 error publish Failed PUT 403
40 verbose stack Error: "You cannot publish over the previously published version 1.0.0." : bootstrap-datetimesecond
40 verbose stack     at makeError (/usr/local/lib/node_modules/npm/node_modules/npm-registry-client/lib/request.js:302:12)
40 verbose stack     at CachingRegistryClient.<anonymous> (/usr/local/lib/node_modules/npm/node_modules/npm-registry-client/lib/request.js:290:14)
40 verbose stack     at Request._callback (/usr/local/lib/node_modules/npm/node_modules/npm-registry-client/lib/request.js:210:14)
40 verbose stack     at Request.self.callback (/usr/local/lib/node_modules/npm/node_modules/request/request.js:187:22)
40 verbose stack     at emitTwo (events.js:106:13)
40 verbose stack     at Request.emit (events.js:191:7)
40 verbose stack     at Request.<anonymous> (/usr/local/lib/node_modules/npm/node_modules/request/request.js:1048:10)
40 verbose stack     at emitOne (events.js:96:13)
40 verbose stack     at Request.emit (events.js:188:7)
40 verbose stack     at IncomingMessage.<anonymous> (/usr/local/lib/node_modules/npm/node_modules/request/request.js:969:12)
41 verbose statusCode 403
42 verbose pkgid bootstrap-datetimesecond
43 verbose cwd /Users/millions/Desktop/bootstrap-datetimesecond
44 error Darwin 14.5.0
45 error argv "/usr/local/bin/node" "/usr/local/bin/npm" "publish"
46 error node v6.10.2
47 error npm  v3.10.10
48 error code E403
49 error "You cannot publish over the previously published version 1.0.0." : bootstrap-datetimesecond
50 error If you need help, you may report this error at:
50 error     <https://github.com/npm/npm/issues>
51 verbose exit [ 1, true ]
